<?xml version="1.0" encoding="UTF-8"?>
<testng-results skipped="0" failed="0" ignored="0" total="2" passed="2">
  <reporter-output>
  </reporter-output>
  <suite name="Default suite" duration-ms="23917" started-at="2020-12-30T09:51:05Z" finished-at="2020-12-30T09:51:29Z">
    <groups>
    </groups>
    <test name="Default test" duration-ms="23917" started-at="2020-12-30T09:51:05Z" finished-at="2020-12-30T09:51:29Z">
      <class name="com.vhm.qa.testcases.LoginPageTest">
        <test-method status="PASS" signature="setUp()[pri:0, instance:com.vhm.qa.testcases.LoginPageTest@7d9d1a19]" name="setUp" is-config="true" duration-ms="11193" started-at="2020-12-30T09:51:05Z" finished-at="2020-12-30T09:51:16Z">
          <reporter-output>
          </reporter-output>
        </test-method> <!-- setUp -->
        <test-method status="PASS" signature="loginPageTitleTest()[pri:1, instance:com.vhm.qa.testcases.LoginPageTest@7d9d1a19]" name="loginPageTitleTest" duration-ms="16" started-at="2020-12-30T09:51:16Z" finished-at="2020-12-30T09:51:16Z">
          <reporter-output>
          </reporter-output>
        </test-method> <!-- loginPageTitleTest -->
        <test-method status="PASS" signature="tearDown()[pri:0, instance:com.vhm.qa.testcases.LoginPageTest@7d9d1a19]" name="tearDown" is-config="true" duration-ms="937" started-at="2020-12-30T09:51:16Z" finished-at="2020-12-30T09:51:17Z">
          <reporter-output>
          </reporter-output>
        </test-method> <!-- tearDown -->
        <test-method status="PASS" signature="setUp()[pri:0, instance:com.vhm.qa.testcases.LoginPageTest@7d9d1a19]" name="setUp" is-config="true" duration-ms="9154" started-at="2020-12-30T09:51:17Z" finished-at="2020-12-30T09:51:26Z">
          <reporter-output>
          </reporter-output>
        </test-method> <!-- setUp -->
        <test-method status="PASS" signature="loginTest()[pri:2, instance:com.vhm.qa.testcases.LoginPageTest@7d9d1a19]" name="loginTest" duration-ms="1455" started-at="2020-12-30T09:51:26Z" finished-at="2020-12-30T09:51:28Z">
          <reporter-output>
          </reporter-output>
        </test-method> <!-- loginTest -->
        <test-method status="PASS" signature="tearDown()[pri:0, instance:com.vhm.qa.testcases.LoginPageTest@7d9d1a19]" name="tearDown" is-config="true" duration-ms="1130" started-at="2020-12-30T09:51:28Z" finished-at="2020-12-30T09:51:29Z">
          <reporter-output>
          </reporter-output>
        </test-method> <!-- tearDown -->
      </class> <!-- com.vhm.qa.testcases.LoginPageTest -->
    </test> <!-- Default test -->
  </suite> <!-- Default suite -->
</testng-results>
